Build started 7/21/2015 7:33:42 AM.
     1>Project "C:\Users\khewi_000\Documents\IceBreaker\IceBreaker\IceBreaker.vcxproj" on node 2 (Build target(s)).
     1>ClCompile:
         C:\Program Files (x86)\Microsoft Visual Studio 11.0\VC\bin\CL.exe /c /Zi /nologo /W3 /WX- /O2 /Oi /Oy- /GL /D _MBCS /Gm- /EHsc /MD /GS /Gy /fp:precise /Zc:wchar_t /Zc:forScope /Fo"Release\\" /Fd"Release\vc110.pdb" /Gd /TP /analyze- /errorReport:prompt Camera.cpp Cube.cpp FileIO.cpp Firework.cpp FireworkGenerator.cpp GameObject.cpp GLRenderer.cpp GLShaderData.cpp IceBreaker.cpp Input.cpp main.cpp Matrix4.cpp Mesh.cpp MeshRegistry.cpp Particle.cpp Texture.cpp TextureRegistry.cpp Triangle.cpp Vector2.cpp Vector3.cpp Vector4.cpp
         Camera.cpp
     1>Camera.cpp(27): warning C4244: '+=' : conversion from 'double' to 'float', possible loss of data
     1>Camera.cpp(28): warning C4244: '+=' : conversion from 'double' to 'float', possible loss of data
     1>Camera.cpp(34): warning C4244: 'argument' : conversion from 'double' to 'float', possible loss of data
     1>Camera.cpp(36): warning C4244: 'argument' : conversion from 'double' to 'float', possible loss of data
     1>Camera.cpp(41): warning C4172: returning address of local variable or temporary
         Cube.cpp
         FileIO.cpp
     1>FileIO.cpp(43): warning C4996: 'fopen': This function or variable may be unsafe. Consider using fopen_s instead. To disable deprecation, use _CRT_SECURE_NO_WARNINGS. See online help for details.
                 C:\Program Files (x86)\Microsoft Visual Studio 11.0\VC\include\stdio.h(218) : see declaration of 'fopen'
         Firework.cpp
     1>Firework.cpp(20): warning C4244: '=' : conversion from 'float' to 'unsigned int', possible loss of data
         FireworkGenerator.cpp
         GameObject.cpp
     1>c:\users\khewi_000\documents\icebreaker\icebreaker\GameObject.h(15): warning C4200: nonstandard extension used : zero-sized array in struct/union
                 Cannot generate copy-ctor or copy-assignment operator when UDT contains a zero-sized array
         GLRenderer.cpp
     1>c:\users\khewi_000\documents\icebreaker\icebreaker\Texture.h(16): warning C4200: nonstandard extension used : zero-sized array in struct/union
                 Cannot generate copy-ctor or copy-assignment operator when UDT contains a zero-sized array
     1>GLRenderer.cpp(79): warning C4305: 'argument' : truncation from 'double' to 'float'
         GLShaderData.cpp
         IceBreaker.cpp
     1>c:\users\khewi_000\documents\icebreaker\icebreaker\Texture.h(16): warning C4200: nonstandard extension used : zero-sized array in struct/union
                 Cannot generate copy-ctor or copy-assignment operator when UDT contains a zero-sized array
     1>c:\users\khewi_000\documents\icebreaker\icebreaker\GameObject.h(15): warning C4200: nonstandard extension used : zero-sized array in struct/union
                 Cannot generate copy-ctor or copy-assignment operator when UDT contains a zero-sized array
     1>IceBreaker.cpp(17): warning C4244: 'argument' : conversion from 'time_t' to 'unsigned int', possible loss of data
     1>IceBreaker.cpp(43): warning C4244: 'argument' : conversion from 'double' to 'float', possible loss of data
         Input.cpp
     1>Input.cpp(31): warning C4244: 'argument' : conversion from 'double' to 'float', possible loss of data
     1>Input.cpp(35): warning C4244: 'argument' : conversion from 'double' to 'float', possible loss of data
     1>Input.cpp(39): warning C4244: 'argument' : conversion from 'double' to 'float', possible loss of data
     1>Input.cpp(43): warning C4244: 'argument' : conversion from 'double' to 'float', possible loss of data
     1>Input.cpp(47): warning C4244: 'argument' : conversion from 'double' to 'float', possible loss of data
     1>Input.cpp(51): warning C4244: 'argument' : conversion from 'double' to 'float', possible loss of data
     1>Input.cpp(55): warning C4244: 'initializing' : conversion from 'double' to 'float', possible loss of data
     1>Input.cpp(56): warning C4244: 'initializing' : conversion from 'double' to 'float', possible loss of data
         main.cpp
     1>c:\users\khewi_000\documents\icebreaker\icebreaker\Texture.h(16): warning C4200: nonstandard extension used : zero-sized array in struct/union
                 Cannot generate copy-ctor or copy-assignment operator when UDT contains a zero-sized array
     1>c:\users\khewi_000\documents\icebreaker\icebreaker\GameObject.h(15): warning C4200: nonstandard extension used : zero-sized array in struct/union
                 Cannot generate copy-ctor or copy-assignment operator when UDT contains a zero-sized array
         Matrix4.cpp
     1>Matrix4.cpp(69): warning C4172: returning address of local variable or temporary
         Mesh.cpp
         MeshRegistry.cpp
         Particle.cpp
     1>Particle.cpp(69): warning C4244: 'argument' : conversion from 'double' to 'float', possible loss of data
         Texture.cpp
     1>c:\users\khewi_000\documents\icebreaker\icebreaker\Texture.h(16): warning C4200: nonstandard extension used : zero-sized array in struct/union
                 Cannot generate copy-ctor or copy-assignment operator when UDT contains a zero-sized array
         TextureRegistry.cpp
     1>c:\users\khewi_000\documents\icebreaker\icebreaker\Texture.h(16): warning C4200: nonstandard extension used : zero-sized array in struct/union
                 Cannot generate copy-ctor or copy-assignment operator when UDT contains a zero-sized array
         Triangle.cpp
         Vector2.cpp
         Vector3.cpp
         Compiling...
         Vector4.cpp
     1>Vector4.cpp(101): warning C4244: 'argument' : conversion from 'int' to 'float', possible loss of data
       Link:
         C:\Program Files (x86)\Microsoft Visual Studio 11.0\VC\bin\link.exe /ERRORREPORT:PROMPT /OUT:"C:\Users\khewi_000\Documents\IceBreaker\Release\IceBreaker.exe" /NOLOGO opengl32.lib glew32.lib glfw3.lib kernel32.lib user32.lib gdi32.lib winspool.lib comdlg32.lib advapi32.lib shell32.lib ole32.lib oleaut32.lib uuid.lib odbc32.lib odbccp32.lib /MANIFEST /MANIFESTUAC:"level='asInvoker' uiAccess='false'" /manifest:embed /DEBUG /PDB:"C:\Users\khewi_000\Documents\IceBreaker\Release\IceBreaker.pdb" /OPT:REF /OPT:ICF /LTCG /TLBID:1 /DYNAMICBASE /NXCOMPAT /IMPLIB:"C:\Users\khewi_000\Documents\IceBreaker\Release\IceBreaker.lib" /MACHINE:X86 /SAFESEH Release\Camera.obj
         Release\Cube.obj
         Release\FileIO.obj
         Release\Firework.obj
         Release\FireworkGenerator.obj
         Release\GameObject.obj
         Release\GLRenderer.obj
         Release\GLShaderData.obj
         Release\IceBreaker.obj
         Release\Input.obj
         Release\main.obj
         Release\Matrix4.obj
         Release\Mesh.obj
         Release\MeshRegistry.obj
         Release\Particle.obj
         Release\Texture.obj
         Release\TextureRegistry.obj
         Release\Triangle.obj
         Release\Vector2.obj
         Release\Vector3.obj
         Release\Vector4.obj
         Generating code
     1>c:\users\khewi_000\documents\icebreaker\icebreaker\glrenderer.cpp(164): warning C4715: 'GLRenderer::CreateWindow' : not all control paths return a value
         Finished generating code
         IceBreaker.vcxproj -> C:\Users\khewi_000\Documents\IceBreaker\Release\IceBreaker.exe
     1>Done Building Project "C:\Users\khewi_000\Documents\IceBreaker\IceBreaker\IceBreaker.vcxproj" (Build target(s)).

Build succeeded.

Time Elapsed 00:00:08.70
