C:\USERS\KHEWI_000\DOCUMENTS\ICEBREAKER\ICEBREAKER\DEBUG\CUBE.OBJ
C:\USERS\KHEWI_000\DOCUMENTS\ICEBREAKER\ICEBREAKER\DEBUG\FILEIO.OBJ
C:\USERS\KHEWI_000\DOCUMENTS\ICEBREAKER\ICEBREAKER\DEBUG\FIREWORK.OBJ
C:\USERS\KHEWI_000\DOCUMENTS\ICEBREAKER\ICEBREAKER\DEBUG\FIREWORKGENERATOR.OBJ
C:\USERS\KHEWI_000\DOCUMENTS\ICEBREAKER\ICEBREAKER\DEBUG\GAMEOBJECT.OBJ
C:\USERS\KHEWI_000\DOCUMENTS\ICEBREAKER\ICEBREAKER\DEBUG\GLRENDERER.OBJ
C:\USERS\KHEWI_000\DOCUMENTS\ICEBREAKER\ICEBREAKER\DEBUG\GLSHADERDATA.OBJ
C:\USERS\KHEWI_000\DOCUMENTS\ICEBREAKER\ICEBREAKER\DEBUG\ICEBREAKER.OBJ
C:\USERS\KHEWI_000\DOCUMENTS\ICEBREAKER\ICEBREAKER\DEBUG\INPUT.OBJ
C:\USERS\KHEWI_000\DOCUMENTS\ICEBREAKER\ICEBREAKER\DEBUG\MAIN.OBJ
C:\USERS\KHEWI_000\DOCUMENTS\ICEBREAKER\ICEBREAKER\DEBUG\MATRIX4.OBJ
C:\USERS\KHEWI_000\DOCUMENTS\ICEBREAKER\ICEBREAKER\DEBUG\MESH.OBJ
C:\USERS\KHEWI_000\DOCUMENTS\ICEBREAKER\ICEBREAKER\DEBUG\MESHREGISTRY.OBJ
C:\USERS\KHEWI_000\DOCUMENTS\ICEBREAKER\ICEBREAKER\DEBUG\PARTICLE.OBJ
C:\USERS\KHEWI_000\DOCUMENTS\ICEBREAKER\ICEBREAKER\DEBUG\TEXTURE.OBJ
C:\USERS\KHEWI_000\DOCUMENTS\ICEBREAKER\ICEBREAKER\DEBUG\TEXTUREREGISTRY.OBJ
C:\USERS\KHEWI_000\DOCUMENTS\ICEBREAKER\ICEBREAKER\DEBUG\TRIANGLE.OBJ
C:\USERS\KHEWI_000\DOCUMENTS\ICEBREAKER\ICEBREAKER\DEBUG\VECTOR2.OBJ
C:\USERS\KHEWI_000\DOCUMENTS\ICEBREAKER\ICEBREAKER\DEBUG\VECTOR3.OBJ
C:\USERS\KHEWI_000\DOCUMENTS\ICEBREAKER\ICEBREAKER\DEBUG\VECTOR4.OBJ
C:\USERS\KHEWI_000\DOCUMENTS\ICEBREAKER\ICEBREAKER\DEBUG\CAMERA.OBJ
C:\USERS\KHEWI_000\DOCUMENTS\ICEBREAKER\ICEBREAKER\DEBUG\VC110.PDB
C:\USERS\KHEWI_000\DOCUMENTS\ICEBREAKER\ICEBREAKER\DEBUG\FIREWORKMANAGER.OBJ
C:\USERS\KHEWI_000\DOCUMENTS\ICEBREAKER\ICEBREAKER\DEBUG\FORCEGENERATOR.OBJ
C:\USERS\KHEWI_000\DOCUMENTS\ICEBREAKER\ICEBREAKER\DEBUG\FORCEMANAGER.OBJ
C:\USERS\KHEWI_000\DOCUMENTS\ICEBREAKER\ICEBREAKER\DEBUG\GRAVITYGENERATOR.OBJ
C:\USERS\KHEWI_000\DOCUMENTS\ICEBREAKER\DEBUG\ICEBREAKER.ILK
C:\USERS\KHEWI_000\DOCUMENTS\ICEBREAKER\DEBUG\ICEBREAKER.EXE
C:\USERS\KHEWI_000\DOCUMENTS\ICEBREAKER\DEBUG\ICEBREAKER.PDB
C:\Users\khewi_000\Documents\IceBreaker\IceBreaker\Debug\Camera.obj
C:\Users\khewi_000\Documents\IceBreaker\IceBreaker\Debug\Cube.obj
C:\Users\khewi_000\Documents\IceBreaker\IceBreaker\Debug\FileIO.obj
C:\Users\khewi_000\Documents\IceBreaker\IceBreaker\Debug\Firework.obj
C:\Users\khewi_000\Documents\IceBreaker\IceBreaker\Debug\FireworkGenerator.obj
C:\Users\khewi_000\Documents\IceBreaker\IceBreaker\Debug\FireworkManager.obj
C:\Users\khewi_000\Documents\IceBreaker\IceBreaker\Debug\ForceGenerator.obj
C:\Users\khewi_000\Documents\IceBreaker\IceBreaker\Debug\ForceManager.obj
C:\Users\khewi_000\Documents\IceBreaker\IceBreaker\Debug\GameObject.obj
C:\Users\khewi_000\Documents\IceBreaker\IceBreaker\Debug\GLRenderer.obj
C:\Users\khewi_000\Documents\IceBreaker\IceBreaker\Debug\GLShaderData.obj
C:\Users\khewi_000\Documents\IceBreaker\IceBreaker\Debug\GravityGenerator.obj
C:\Users\khewi_000\Documents\IceBreaker\IceBreaker\Debug\Input.obj
C:\Users\khewi_000\Documents\IceBreaker\IceBreaker\Debug\Matrix4.obj
C:\Users\khewi_000\Documents\IceBreaker\IceBreaker\Debug\Mesh.obj
C:\Users\khewi_000\Documents\IceBreaker\IceBreaker\Debug\MeshRegistry.obj
C:\Users\khewi_000\Documents\IceBreaker\IceBreaker\Debug\Particle.obj
C:\Users\khewi_000\Documents\IceBreaker\IceBreaker\Debug\Texture.obj
C:\Users\khewi_000\Documents\IceBreaker\IceBreaker\Debug\TextureRegistry.obj
C:\Users\khewi_000\Documents\IceBreaker\IceBreaker\Debug\Triangle.obj
C:\Users\khewi_000\Documents\IceBreaker\IceBreaker\Debug\Vector2.obj
C:\Users\khewi_000\Documents\IceBreaker\IceBreaker\Debug\Vector3.obj
C:\Users\khewi_000\Documents\IceBreaker\IceBreaker\Debug\Vector4.obj
C:\Users\khewi_000\Documents\IceBreaker\IceBreaker\Debug\cl.command.1.tlog
C:\Users\khewi_000\Documents\IceBreaker\IceBreaker\Debug\CL.read.1.tlog
C:\Users\khewi_000\Documents\IceBreaker\IceBreaker\Debug\CL.write.1.tlog
C:\Users\khewi_000\Documents\IceBreaker\IceBreaker\Debug\link-cvtres.read.1.tlog
C:\Users\khewi_000\Documents\IceBreaker\IceBreaker\Debug\link-cvtres.write.1.tlog
C:\Users\khewi_000\Documents\IceBreaker\IceBreaker\Debug\link-rc.read.1.tlog
C:\Users\khewi_000\Documents\IceBreaker\IceBreaker\Debug\link-rc.write.1.tlog
C:\Users\khewi_000\Documents\IceBreaker\IceBreaker\Debug\link.1060-cvtres.read.1.tlog
C:\Users\khewi_000\Documents\IceBreaker\IceBreaker\Debug\link.1060-cvtres.write.1.tlog
C:\Users\khewi_000\Documents\IceBreaker\IceBreaker\Debug\link.1060-rc.read.1.tlog
C:\Users\khewi_000\Documents\IceBreaker\IceBreaker\Debug\link.1060-rc.write.1.tlog
C:\Users\khewi_000\Documents\IceBreaker\IceBreaker\Debug\link.1060.read.1.tlog
C:\Users\khewi_000\Documents\IceBreaker\IceBreaker\Debug\link.1060.write.1.tlog
C:\Users\khewi_000\Documents\IceBreaker\IceBreaker\Debug\link.10860-cvtres.read.1.tlog
C:\Users\khewi_000\Documents\IceBreaker\IceBreaker\Debug\link.10860-cvtres.write.1.tlog
C:\Users\khewi_000\Documents\IceBreaker\IceBreaker\Debug\link.10860-rc.read.1.tlog
C:\Users\khewi_000\Documents\IceBreaker\IceBreaker\Debug\link.10860-rc.write.1.tlog
C:\Users\khewi_000\Documents\IceBreaker\IceBreaker\Debug\link.10860.read.1.tlog
C:\Users\khewi_000\Documents\IceBreaker\IceBreaker\Debug\link.10860.write.1.tlog
C:\Users\khewi_000\Documents\IceBreaker\IceBreaker\Debug\link.1212-cvtres.read.1.tlog
C:\Users\khewi_000\Documents\IceBreaker\IceBreaker\Debug\link.1212-cvtres.write.1.tlog
C:\Users\khewi_000\Documents\IceBreaker\IceBreaker\Debug\link.1212-rc.read.1.tlog
C:\Users\khewi_000\Documents\IceBreaker\IceBreaker\Debug\link.1212-rc.write.1.tlog
C:\Users\khewi_000\Documents\IceBreaker\IceBreaker\Debug\link.1212.read.1.tlog
C:\Users\khewi_000\Documents\IceBreaker\IceBreaker\Debug\link.1212.write.1.tlog
C:\Users\khewi_000\Documents\IceBreaker\IceBreaker\Debug\link.13420-cvtres.read.1.tlog
C:\Users\khewi_000\Documents\IceBreaker\IceBreaker\Debug\link.13420-cvtres.write.1.tlog
C:\Users\khewi_000\Documents\IceBreaker\IceBreaker\Debug\link.13420-rc.read.1.tlog
C:\Users\khewi_000\Documents\IceBreaker\IceBreaker\Debug\link.13420-rc.write.1.tlog
C:\Users\khewi_000\Documents\IceBreaker\IceBreaker\Debug\link.13420.read.1.tlog
C:\Users\khewi_000\Documents\IceBreaker\IceBreaker\Debug\link.13420.write.1.tlog
C:\Users\khewi_000\Documents\IceBreaker\IceBreaker\Debug\link.1532-cvtres.read.1.tlog
C:\Users\khewi_000\Documents\IceBreaker\IceBreaker\Debug\link.1532-cvtres.write.1.tlog
C:\Users\khewi_000\Documents\IceBreaker\IceBreaker\Debug\link.1532-rc.read.1.tlog
C:\Users\khewi_000\Documents\IceBreaker\IceBreaker\Debug\link.1532-rc.write.1.tlog
C:\Users\khewi_000\Documents\IceBreaker\IceBreaker\Debug\link.1532.read.1.tlog
C:\Users\khewi_000\Documents\IceBreaker\IceBreaker\Debug\link.1532.write.1.tlog
C:\Users\khewi_000\Documents\IceBreaker\IceBreaker\Debug\link.1636-cvtres.read.1.tlog
C:\Users\khewi_000\Documents\IceBreaker\IceBreaker\Debug\link.1636-cvtres.write.1.tlog
C:\Users\khewi_000\Documents\IceBreaker\IceBreaker\Debug\link.1636-rc.read.1.tlog
C:\Users\khewi_000\Documents\IceBreaker\IceBreaker\Debug\link.1636-rc.write.1.tlog
C:\Users\khewi_000\Documents\IceBreaker\IceBreaker\Debug\link.1636.read.1.tlog
C:\Users\khewi_000\Documents\IceBreaker\IceBreaker\Debug\link.1636.write.1.tlog
C:\Users\khewi_000\Documents\IceBreaker\IceBreaker\Debug\link.1688-cvtres.read.1.tlog
C:\Users\khewi_000\Documents\IceBreaker\IceBreaker\Debug\link.1688-cvtres.write.1.tlog
C:\Users\khewi_000\Documents\IceBreaker\IceBreaker\Debug\link.1688-rc.read.1.tlog
C:\Users\khewi_000\Documents\IceBreaker\IceBreaker\Debug\link.1688-rc.write.1.tlog
C:\Users\khewi_000\Documents\IceBreaker\IceBreaker\Debug\link.1688.read.1.tlog
C:\Users\khewi_000\Documents\IceBreaker\IceBreaker\Debug\link.1688.write.1.tlog
C:\Users\khewi_000\Documents\IceBreaker\IceBreaker\Debug\link.1696-cvtres.read.1.tlog
C:\Users\khewi_000\Documents\IceBreaker\IceBreaker\Debug\link.1696-cvtres.write.1.tlog
C:\Users\khewi_000\Documents\IceBreaker\IceBreaker\Debug\link.1696-rc.read.1.tlog
C:\Users\khewi_000\Documents\IceBreaker\IceBreaker\Debug\link.1696-rc.write.1.tlog
C:\Users\khewi_000\Documents\IceBreaker\IceBreaker\Debug\link.1696.read.1.tlog
C:\Users\khewi_000\Documents\IceBreaker\IceBreaker\Debug\link.1696.write.1.tlog
C:\Users\khewi_000\Documents\IceBreaker\IceBreaker\Debug\link.1804-cvtres.read.1.tlog
C:\Users\khewi_000\Documents\IceBreaker\IceBreaker\Debug\link.1804-cvtres.write.1.tlog
C:\Users\khewi_000\Documents\IceBreaker\IceBreaker\Debug\link.1804-rc.read.1.tlog
C:\Users\khewi_000\Documents\IceBreaker\IceBreaker\Debug\link.1804-rc.write.1.tlog
C:\Users\khewi_000\Documents\IceBreaker\IceBreaker\Debug\link.1804.read.1.tlog
C:\Users\khewi_000\Documents\IceBreaker\IceBreaker\Debug\link.1804.write.1.tlog
C:\Users\khewi_000\Documents\IceBreaker\IceBreaker\Debug\link.1856-cvtres.read.1.tlog
C:\Users\khewi_000\Documents\IceBreaker\IceBreaker\Debug\link.1856-cvtres.write.1.tlog
C:\Users\khewi_000\Documents\IceBreaker\IceBreaker\Debug\link.1856-rc.read.1.tlog
C:\Users\khewi_000\Documents\IceBreaker\IceBreaker\Debug\link.1856-rc.write.1.tlog
C:\Users\khewi_000\Documents\IceBreaker\IceBreaker\Debug\link.1856.read.1.tlog
C:\Users\khewi_000\Documents\IceBreaker\IceBreaker\Debug\link.1856.write.1.tlog
C:\Users\khewi_000\Documents\IceBreaker\IceBreaker\Debug\link.2064-cvtres.read.1.tlog
C:\Users\khewi_000\Documents\IceBreaker\IceBreaker\Debug\link.2064-cvtres.write.1.tlog
C:\Users\khewi_000\Documents\IceBreaker\IceBreaker\Debug\link.2064-rc.read.1.tlog
C:\Users\khewi_000\Documents\IceBreaker\IceBreaker\Debug\link.2064-rc.write.1.tlog
C:\Users\khewi_000\Documents\IceBreaker\IceBreaker\Debug\link.2064.read.1.tlog
C:\Users\khewi_000\Documents\IceBreaker\IceBreaker\Debug\link.2064.write.1.tlog
C:\Users\khewi_000\Documents\IceBreaker\IceBreaker\Debug\link.2120-cvtres.read.1.tlog
C:\Users\khewi_000\Documents\IceBreaker\IceBreaker\Debug\link.2120-cvtres.write.1.tlog
C:\Users\khewi_000\Documents\IceBreaker\IceBreaker\Debug\link.2120-rc.read.1.tlog
C:\Users\khewi_000\Documents\IceBreaker\IceBreaker\Debug\link.2120-rc.write.1.tlog
C:\Users\khewi_000\Documents\IceBreaker\IceBreaker\Debug\link.2120.read.1.tlog
C:\Users\khewi_000\Documents\IceBreaker\IceBreaker\Debug\link.2120.write.1.tlog
C:\Users\khewi_000\Documents\IceBreaker\IceBreaker\Debug\link.21496-cvtres.read.1.tlog
C:\Users\khewi_000\Documents\IceBreaker\IceBreaker\Debug\link.21496-cvtres.write.1.tlog
C:\Users\khewi_000\Documents\IceBreaker\IceBreaker\Debug\link.21496-rc.read.1.tlog
C:\Users\khewi_000\Documents\IceBreaker\IceBreaker\Debug\link.21496-rc.write.1.tlog
C:\Users\khewi_000\Documents\IceBreaker\IceBreaker\Debug\link.21496.read.1.tlog
C:\Users\khewi_000\Documents\IceBreaker\IceBreaker\Debug\link.21496.write.1.tlog
C:\Users\khewi_000\Documents\IceBreaker\IceBreaker\Debug\link.21808-cvtres.read.1.tlog
C:\Users\khewi_000\Documents\IceBreaker\IceBreaker\Debug\link.21808-cvtres.write.1.tlog
C:\Users\khewi_000\Documents\IceBreaker\IceBreaker\Debug\link.21808-rc.read.1.tlog
C:\Users\khewi_000\Documents\IceBreaker\IceBreaker\Debug\link.21808-rc.write.1.tlog
C:\Users\khewi_000\Documents\IceBreaker\IceBreaker\Debug\link.21808.read.1.tlog
C:\Users\khewi_000\Documents\IceBreaker\IceBreaker\Debug\link.21808.write.1.tlog
C:\Users\khewi_000\Documents\IceBreaker\IceBreaker\Debug\link.22396-cvtres.read.1.tlog
C:\Users\khewi_000\Documents\IceBreaker\IceBreaker\Debug\link.22396-cvtres.write.1.tlog
C:\Users\khewi_000\Documents\IceBreaker\IceBreaker\Debug\link.22396-rc.read.1.tlog
C:\Users\khewi_000\Documents\IceBreaker\IceBreaker\Debug\link.22396-rc.write.1.tlog
C:\Users\khewi_000\Documents\IceBreaker\IceBreaker\Debug\link.22396.read.1.tlog
C:\Users\khewi_000\Documents\IceBreaker\IceBreaker\Debug\link.22396.write.1.tlog
C:\Users\khewi_000\Documents\IceBreaker\IceBreaker\Debug\link.2292-cvtres.read.1.tlog
C:\Users\khewi_000\Documents\IceBreaker\IceBreaker\Debug\link.2292-cvtres.write.1.tlog
C:\Users\khewi_000\Documents\IceBreaker\IceBreaker\Debug\link.2292-rc.read.1.tlog
C:\Users\khewi_000\Documents\IceBreaker\IceBreaker\Debug\link.2292-rc.write.1.tlog
C:\Users\khewi_000\Documents\IceBreaker\IceBreaker\Debug\link.2292.read.1.tlog
C:\Users\khewi_000\Documents\IceBreaker\IceBreaker\Debug\link.2292.write.1.tlog
C:\Users\khewi_000\Documents\IceBreaker\IceBreaker\Debug\link.2320-cvtres.read.1.tlog
C:\Users\khewi_000\Documents\IceBreaker\IceBreaker\Debug\link.2320-cvtres.write.1.tlog
C:\Users\khewi_000\Documents\IceBreaker\IceBreaker\Debug\link.2320-rc.read.1.tlog
C:\Users\khewi_000\Documents\IceBreaker\IceBreaker\Debug\link.2320-rc.write.1.tlog
C:\Users\khewi_000\Documents\IceBreaker\IceBreaker\Debug\link.2320.read.1.tlog
C:\Users\khewi_000\Documents\IceBreaker\IceBreaker\Debug\link.2320.write.1.tlog
C:\Users\khewi_000\Documents\IceBreaker\IceBreaker\Debug\link.23836-cvtres.read.1.tlog
C:\Users\khewi_000\Documents\IceBreaker\IceBreaker\Debug\link.23836-cvtres.write.1.tlog
C:\Users\khewi_000\Documents\IceBreaker\IceBreaker\Debug\link.23836-rc.read.1.tlog
C:\Users\khewi_000\Documents\IceBreaker\IceBreaker\Debug\link.23836-rc.write.1.tlog
C:\Users\khewi_000\Documents\IceBreaker\IceBreaker\Debug\link.23836.read.1.tlog
C:\Users\khewi_000\Documents\IceBreaker\IceBreaker\Debug\link.23836.write.1.tlog
C:\Users\khewi_000\Documents\IceBreaker\IceBreaker\Debug\link.2496-cvtres.read.1.tlog
C:\Users\khewi_000\Documents\IceBreaker\IceBreaker\Debug\link.2496-cvtres.write.1.tlog
C:\Users\khewi_000\Documents\IceBreaker\IceBreaker\Debug\link.2496-rc.read.1.tlog
C:\Users\khewi_000\Documents\IceBreaker\IceBreaker\Debug\link.2496-rc.write.1.tlog
C:\Users\khewi_000\Documents\IceBreaker\IceBreaker\Debug\link.2496.read.1.tlog
C:\Users\khewi_000\Documents\IceBreaker\IceBreaker\Debug\link.2496.write.1.tlog
C:\Users\khewi_000\Documents\IceBreaker\IceBreaker\Debug\link.2536-cvtres.read.1.tlog
C:\Users\khewi_000\Documents\IceBreaker\IceBreaker\Debug\link.2536-cvtres.write.1.tlog
C:\Users\khewi_000\Documents\IceBreaker\IceBreaker\Debug\link.2536-rc.read.1.tlog
C:\Users\khewi_000\Documents\IceBreaker\IceBreaker\Debug\link.2536-rc.write.1.tlog
C:\Users\khewi_000\Documents\IceBreaker\IceBreaker\Debug\link.2536.read.1.tlog
C:\Users\khewi_000\Documents\IceBreaker\IceBreaker\Debug\link.2536.write.1.tlog
C:\Users\khewi_000\Documents\IceBreaker\IceBreaker\Debug\link.2636-cvtres.read.1.tlog
C:\Users\khewi_000\Documents\IceBreaker\IceBreaker\Debug\link.2636-cvtres.write.1.tlog
C:\Users\khewi_000\Documents\IceBreaker\IceBreaker\Debug\link.2636-rc.read.1.tlog
C:\Users\khewi_000\Documents\IceBreaker\IceBreaker\Debug\link.2636-rc.write.1.tlog
C:\Users\khewi_000\Documents\IceBreaker\IceBreaker\Debug\link.2636.read.1.tlog
C:\Users\khewi_000\Documents\IceBreaker\IceBreaker\Debug\link.2636.write.1.tlog
C:\Users\khewi_000\Documents\IceBreaker\IceBreaker\Debug\link.2720-cvtres.read.1.tlog
C:\Users\khewi_000\Documents\IceBreaker\IceBreaker\Debug\link.2720-cvtres.write.1.tlog
C:\Users\khewi_000\Documents\IceBreaker\IceBreaker\Debug\link.2720-rc.read.1.tlog
C:\Users\khewi_000\Documents\IceBreaker\IceBreaker\Debug\link.2720-rc.write.1.tlog
C:\Users\khewi_000\Documents\IceBreaker\IceBreaker\Debug\link.2720.read.1.tlog
C:\Users\khewi_000\Documents\IceBreaker\IceBreaker\Debug\link.2720.write.1.tlog
C:\Users\khewi_000\Documents\IceBreaker\IceBreaker\Debug\link.2756-cvtres.read.1.tlog
C:\Users\khewi_000\Documents\IceBreaker\IceBreaker\Debug\link.2756-cvtres.write.1.tlog
C:\Users\khewi_000\Documents\IceBreaker\IceBreaker\Debug\link.2756-rc.read.1.tlog
C:\Users\khewi_000\Documents\IceBreaker\IceBreaker\Debug\link.2756-rc.write.1.tlog
C:\Users\khewi_000\Documents\IceBreaker\IceBreaker\Debug\link.2756.read.1.tlog
C:\Users\khewi_000\Documents\IceBreaker\IceBreaker\Debug\link.2756.write.1.tlog
C:\Users\khewi_000\Documents\IceBreaker\IceBreaker\Debug\link.2940-cvtres.read.1.tlog
C:\Users\khewi_000\Documents\IceBreaker\IceBreaker\Debug\link.2940-cvtres.write.1.tlog
C:\Users\khewi_000\Documents\IceBreaker\IceBreaker\Debug\link.2940-rc.read.1.tlog
C:\Users\khewi_000\Documents\IceBreaker\IceBreaker\Debug\link.2940-rc.write.1.tlog
C:\Users\khewi_000\Documents\IceBreaker\IceBreaker\Debug\link.2940.read.1.tlog
C:\Users\khewi_000\Documents\IceBreaker\IceBreaker\Debug\link.2940.write.1.tlog
C:\Users\khewi_000\Documents\IceBreaker\IceBreaker\Debug\link.3012-cvtres.read.1.tlog
C:\Users\khewi_000\Documents\IceBreaker\IceBreaker\Debug\link.3012-cvtres.write.1.tlog
C:\Users\khewi_000\Documents\IceBreaker\IceBreaker\Debug\link.3012-rc.read.1.tlog
C:\Users\khewi_000\Documents\IceBreaker\IceBreaker\Debug\link.3012-rc.write.1.tlog
C:\Users\khewi_000\Documents\IceBreaker\IceBreaker\Debug\link.3012.read.1.tlog
C:\Users\khewi_000\Documents\IceBreaker\IceBreaker\Debug\link.3012.write.1.tlog
C:\Users\khewi_000\Documents\IceBreaker\IceBreaker\Debug\link.3088-cvtres.read.1.tlog
C:\Users\khewi_000\Documents\IceBreaker\IceBreaker\Debug\link.3088-cvtres.write.1.tlog
C:\Users\khewi_000\Documents\IceBreaker\IceBreaker\Debug\link.3088-rc.read.1.tlog
C:\Users\khewi_000\Documents\IceBreaker\IceBreaker\Debug\link.3088-rc.write.1.tlog
C:\Users\khewi_000\Documents\IceBreaker\IceBreaker\Debug\link.3088.read.1.tlog
C:\Users\khewi_000\Documents\IceBreaker\IceBreaker\Debug\link.3088.write.1.tlog
C:\Users\khewi_000\Documents\IceBreaker\IceBreaker\Debug\link.3100-cvtres.read.1.tlog
C:\Users\khewi_000\Documents\IceBreaker\IceBreaker\Debug\link.3100-cvtres.write.1.tlog
C:\Users\khewi_000\Documents\IceBreaker\IceBreaker\Debug\link.3100-rc.read.1.tlog
C:\Users\khewi_000\Documents\IceBreaker\IceBreaker\Debug\link.3100-rc.write.1.tlog
C:\Users\khewi_000\Documents\IceBreaker\IceBreaker\Debug\link.3100.read.1.tlog
C:\Users\khewi_000\Documents\IceBreaker\IceBreaker\Debug\link.3100.write.1.tlog
C:\Users\khewi_000\Documents\IceBreaker\IceBreaker\Debug\link.3204-cvtres.read.1.tlog
C:\Users\khewi_000\Documents\IceBreaker\IceBreaker\Debug\link.3204-cvtres.write.1.tlog
C:\Users\khewi_000\Documents\IceBreaker\IceBreaker\Debug\link.3204-rc.read.1.tlog
C:\Users\khewi_000\Documents\IceBreaker\IceBreaker\Debug\link.3204-rc.write.1.tlog
C:\Users\khewi_000\Documents\IceBreaker\IceBreaker\Debug\link.3204.read.1.tlog
C:\Users\khewi_000\Documents\IceBreaker\IceBreaker\Debug\link.3204.write.1.tlog
C:\Users\khewi_000\Documents\IceBreaker\IceBreaker\Debug\link.3352-cvtres.read.1.tlog
C:\Users\khewi_000\Documents\IceBreaker\IceBreaker\Debug\link.3352-cvtres.write.1.tlog
C:\Users\khewi_000\Documents\IceBreaker\IceBreaker\Debug\link.3352-rc.read.1.tlog
C:\Users\khewi_000\Documents\IceBreaker\IceBreaker\Debug\link.3352-rc.write.1.tlog
C:\Users\khewi_000\Documents\IceBreaker\IceBreaker\Debug\link.3352.read.1.tlog
C:\Users\khewi_000\Documents\IceBreaker\IceBreaker\Debug\link.3352.write.1.tlog
C:\Users\khewi_000\Documents\IceBreaker\IceBreaker\Debug\link.3472-cvtres.read.1.tlog
C:\Users\khewi_000\Documents\IceBreaker\IceBreaker\Debug\link.3472-cvtres.write.1.tlog
C:\Users\khewi_000\Documents\IceBreaker\IceBreaker\Debug\link.3472-rc.read.1.tlog
C:\Users\khewi_000\Documents\IceBreaker\IceBreaker\Debug\link.3472-rc.write.1.tlog
C:\Users\khewi_000\Documents\IceBreaker\IceBreaker\Debug\link.3472.read.1.tlog
C:\Users\khewi_000\Documents\IceBreaker\IceBreaker\Debug\link.3472.write.1.tlog
C:\Users\khewi_000\Documents\IceBreaker\IceBreaker\Debug\link.3564-cvtres.read.1.tlog
C:\Users\khewi_000\Documents\IceBreaker\IceBreaker\Debug\link.3564-cvtres.write.1.tlog
C:\Users\khewi_000\Documents\IceBreaker\IceBreaker\Debug\link.3564-rc.read.1.tlog
C:\Users\khewi_000\Documents\IceBreaker\IceBreaker\Debug\link.3564-rc.write.1.tlog
C:\Users\khewi_000\Documents\IceBreaker\IceBreaker\Debug\link.3564.read.1.tlog
C:\Users\khewi_000\Documents\IceBreaker\IceBreaker\Debug\link.3564.write.1.tlog
C:\Users\khewi_000\Documents\IceBreaker\IceBreaker\Debug\link.3572-cvtres.read.1.tlog
C:\Users\khewi_000\Documents\IceBreaker\IceBreaker\Debug\link.3572-cvtres.write.1.tlog
C:\Users\khewi_000\Documents\IceBreaker\IceBreaker\Debug\link.3572-rc.read.1.tlog
C:\Users\khewi_000\Documents\IceBreaker\IceBreaker\Debug\link.3572-rc.write.1.tlog
C:\Users\khewi_000\Documents\IceBreaker\IceBreaker\Debug\link.3572.read.1.tlog
C:\Users\khewi_000\Documents\IceBreaker\IceBreaker\Debug\link.3572.write.1.tlog
C:\Users\khewi_000\Documents\IceBreaker\IceBreaker\Debug\link.3580-cvtres.read.1.tlog
C:\Users\khewi_000\Documents\IceBreaker\IceBreaker\Debug\link.3580-cvtres.write.1.tlog
C:\Users\khewi_000\Documents\IceBreaker\IceBreaker\Debug\link.3580-rc.read.1.tlog
C:\Users\khewi_000\Documents\IceBreaker\IceBreaker\Debug\link.3580-rc.write.1.tlog
C:\Users\khewi_000\Documents\IceBreaker\IceBreaker\Debug\link.3580.read.1.tlog
C:\Users\khewi_000\Documents\IceBreaker\IceBreaker\Debug\link.3580.write.1.tlog
C:\Users\khewi_000\Documents\IceBreaker\IceBreaker\Debug\link.3588-cvtres.read.1.tlog
C:\Users\khewi_000\Documents\IceBreaker\IceBreaker\Debug\link.3588-cvtres.write.1.tlog
C:\Users\khewi_000\Documents\IceBreaker\IceBreaker\Debug\link.3588-rc.read.1.tlog
C:\Users\khewi_000\Documents\IceBreaker\IceBreaker\Debug\link.3588-rc.write.1.tlog
C:\Users\khewi_000\Documents\IceBreaker\IceBreaker\Debug\link.3588.read.1.tlog
C:\Users\khewi_000\Documents\IceBreaker\IceBreaker\Debug\link.3588.write.1.tlog
C:\Users\khewi_000\Documents\IceBreaker\IceBreaker\Debug\link.3628-cvtres.read.1.tlog
C:\Users\khewi_000\Documents\IceBreaker\IceBreaker\Debug\link.3628-cvtres.write.1.tlog
C:\Users\khewi_000\Documents\IceBreaker\IceBreaker\Debug\link.3628-rc.read.1.tlog
C:\Users\khewi_000\Documents\IceBreaker\IceBreaker\Debug\link.3628-rc.write.1.tlog
C:\Users\khewi_000\Documents\IceBreaker\IceBreaker\Debug\link.3628.read.1.tlog
C:\Users\khewi_000\Documents\IceBreaker\IceBreaker\Debug\link.3628.write.1.tlog
C:\Users\khewi_000\Documents\IceBreaker\IceBreaker\Debug\link.3716-cvtres.read.1.tlog
C:\Users\khewi_000\Documents\IceBreaker\IceBreaker\Debug\link.3716-cvtres.write.1.tlog
C:\Users\khewi_000\Documents\IceBreaker\IceBreaker\Debug\link.3716-rc.read.1.tlog
C:\Users\khewi_000\Documents\IceBreaker\IceBreaker\Debug\link.3716-rc.write.1.tlog
C:\Users\khewi_000\Documents\IceBreaker\IceBreaker\Debug\link.3716.read.1.tlog
C:\Users\khewi_000\Documents\IceBreaker\IceBreaker\Debug\link.3716.write.1.tlog
C:\Users\khewi_000\Documents\IceBreaker\IceBreaker\Debug\link.3724-cvtres.read.1.tlog
C:\Users\khewi_000\Documents\IceBreaker\IceBreaker\Debug\link.3724-cvtres.write.1.tlog
C:\Users\khewi_000\Documents\IceBreaker\IceBreaker\Debug\link.3724-rc.read.1.tlog
C:\Users\khewi_000\Documents\IceBreaker\IceBreaker\Debug\link.3724-rc.write.1.tlog
C:\Users\khewi_000\Documents\IceBreaker\IceBreaker\Debug\link.3724.read.1.tlog
C:\Users\khewi_000\Documents\IceBreaker\IceBreaker\Debug\link.3724.write.1.tlog
C:\Users\khewi_000\Documents\IceBreaker\IceBreaker\Debug\link.3864-cvtres.read.1.tlog
C:\Users\khewi_000\Documents\IceBreaker\IceBreaker\Debug\link.3864-cvtres.write.1.tlog
C:\Users\khewi_000\Documents\IceBreaker\IceBreaker\Debug\link.3864-rc.read.1.tlog
C:\Users\khewi_000\Documents\IceBreaker\IceBreaker\Debug\link.3864-rc.write.1.tlog
C:\Users\khewi_000\Documents\IceBreaker\IceBreaker\Debug\link.3864.read.1.tlog
C:\Users\khewi_000\Documents\IceBreaker\IceBreaker\Debug\link.3864.write.1.tlog
C:\Users\khewi_000\Documents\IceBreaker\IceBreaker\Debug\link.3984-cvtres.read.1.tlog
C:\Users\khewi_000\Documents\IceBreaker\IceBreaker\Debug\link.3984-cvtres.write.1.tlog
C:\Users\khewi_000\Documents\IceBreaker\IceBreaker\Debug\link.3984-rc.read.1.tlog
C:\Users\khewi_000\Documents\IceBreaker\IceBreaker\Debug\link.3984-rc.write.1.tlog
C:\Users\khewi_000\Documents\IceBreaker\IceBreaker\Debug\link.3984.read.1.tlog
C:\Users\khewi_000\Documents\IceBreaker\IceBreaker\Debug\link.3984.write.1.tlog
C:\Users\khewi_000\Documents\IceBreaker\IceBreaker\Debug\link.4076-cvtres.read.1.tlog
C:\Users\khewi_000\Documents\IceBreaker\IceBreaker\Debug\link.4076-cvtres.write.1.tlog
C:\Users\khewi_000\Documents\IceBreaker\IceBreaker\Debug\link.4076-rc.read.1.tlog
C:\Users\khewi_000\Documents\IceBreaker\IceBreaker\Debug\link.4076-rc.write.1.tlog
C:\Users\khewi_000\Documents\IceBreaker\IceBreaker\Debug\link.4076.read.1.tlog
C:\Users\khewi_000\Documents\IceBreaker\IceBreaker\Debug\link.4076.write.1.tlog
C:\Users\khewi_000\Documents\IceBreaker\IceBreaker\Debug\link.4332-cvtres.read.1.tlog
C:\Users\khewi_000\Documents\IceBreaker\IceBreaker\Debug\link.4332-cvtres.write.1.tlog
C:\Users\khewi_000\Documents\IceBreaker\IceBreaker\Debug\link.4332-rc.read.1.tlog
C:\Users\khewi_000\Documents\IceBreaker\IceBreaker\Debug\link.4332-rc.write.1.tlog
C:\Users\khewi_000\Documents\IceBreaker\IceBreaker\Debug\link.4332.read.1.tlog
C:\Users\khewi_000\Documents\IceBreaker\IceBreaker\Debug\link.4332.write.1.tlog
C:\Users\khewi_000\Documents\IceBreaker\IceBreaker\Debug\link.4480-cvtres.read.1.tlog
C:\Users\khewi_000\Documents\IceBreaker\IceBreaker\Debug\link.4480-cvtres.write.1.tlog
C:\Users\khewi_000\Documents\IceBreaker\IceBreaker\Debug\link.4480-rc.read.1.tlog
C:\Users\khewi_000\Documents\IceBreaker\IceBreaker\Debug\link.4480-rc.write.1.tlog
C:\Users\khewi_000\Documents\IceBreaker\IceBreaker\Debug\link.4480.read.1.tlog
C:\Users\khewi_000\Documents\IceBreaker\IceBreaker\Debug\link.4480.write.1.tlog
C:\Users\khewi_000\Documents\IceBreaker\IceBreaker\Debug\link.4492-cvtres.read.1.tlog
C:\Users\khewi_000\Documents\IceBreaker\IceBreaker\Debug\link.4492-cvtres.write.1.tlog
C:\Users\khewi_000\Documents\IceBreaker\IceBreaker\Debug\link.4492-rc.read.1.tlog
C:\Users\khewi_000\Documents\IceBreaker\IceBreaker\Debug\link.4492-rc.write.1.tlog
C:\Users\khewi_000\Documents\IceBreaker\IceBreaker\Debug\link.4492.read.1.tlog
C:\Users\khewi_000\Documents\IceBreaker\IceBreaker\Debug\link.4492.write.1.tlog
C:\Users\khewi_000\Documents\IceBreaker\IceBreaker\Debug\link.4568-cvtres.read.1.tlog
C:\Users\khewi_000\Documents\IceBreaker\IceBreaker\Debug\link.4568-cvtres.write.1.tlog
C:\Users\khewi_000\Documents\IceBreaker\IceBreaker\Debug\link.4568-rc.read.1.tlog
C:\Users\khewi_000\Documents\IceBreaker\IceBreaker\Debug\link.4568-rc.write.1.tlog
C:\Users\khewi_000\Documents\IceBreaker\IceBreaker\Debug\link.4568.read.1.tlog
C:\Users\khewi_000\Documents\IceBreaker\IceBreaker\Debug\link.4568.write.1.tlog
C:\Users\khewi_000\Documents\IceBreaker\IceBreaker\Debug\link.4584-cvtres.read.1.tlog
C:\Users\khewi_000\Documents\IceBreaker\IceBreaker\Debug\link.4584-cvtres.write.1.tlog
C:\Users\khewi_000\Documents\IceBreaker\IceBreaker\Debug\link.4584-rc.read.1.tlog
C:\Users\khewi_000\Documents\IceBreaker\IceBreaker\Debug\link.4584-rc.write.1.tlog
C:\Users\khewi_000\Documents\IceBreaker\IceBreaker\Debug\link.4584.read.1.tlog
C:\Users\khewi_000\Documents\IceBreaker\IceBreaker\Debug\link.4584.write.1.tlog
C:\Users\khewi_000\Documents\IceBreaker\IceBreaker\Debug\link.4752-cvtres.read.1.tlog
C:\Users\khewi_000\Documents\IceBreaker\IceBreaker\Debug\link.4752-cvtres.write.1.tlog
C:\Users\khewi_000\Documents\IceBreaker\IceBreaker\Debug\link.4752-rc.read.1.tlog
C:\Users\khewi_000\Documents\IceBreaker\IceBreaker\Debug\link.4752-rc.write.1.tlog
C:\Users\khewi_000\Documents\IceBreaker\IceBreaker\Debug\link.4752.read.1.tlog
C:\Users\khewi_000\Documents\IceBreaker\IceBreaker\Debug\link.4752.write.1.tlog
C:\Users\khewi_000\Documents\IceBreaker\IceBreaker\Debug\link.4760-cvtres.read.1.tlog
C:\Users\khewi_000\Documents\IceBreaker\IceBreaker\Debug\link.4760-cvtres.write.1.tlog
C:\Users\khewi_000\Documents\IceBreaker\IceBreaker\Debug\link.4760-rc.read.1.tlog
C:\Users\khewi_000\Documents\IceBreaker\IceBreaker\Debug\link.4760-rc.write.1.tlog
C:\Users\khewi_000\Documents\IceBreaker\IceBreaker\Debug\link.4760.read.1.tlog
C:\Users\khewi_000\Documents\IceBreaker\IceBreaker\Debug\link.4760.write.1.tlog
C:\Users\khewi_000\Documents\IceBreaker\IceBreaker\Debug\link.4772-cvtres.read.1.tlog
C:\Users\khewi_000\Documents\IceBreaker\IceBreaker\Debug\link.4772-cvtres.write.1.tlog
C:\Users\khewi_000\Documents\IceBreaker\IceBreaker\Debug\link.4772-rc.read.1.tlog
C:\Users\khewi_000\Documents\IceBreaker\IceBreaker\Debug\link.4772-rc.write.1.tlog
C:\Users\khewi_000\Documents\IceBreaker\IceBreaker\Debug\link.4772.read.1.tlog
C:\Users\khewi_000\Documents\IceBreaker\IceBreaker\Debug\link.4772.write.1.tlog
C:\Users\khewi_000\Documents\IceBreaker\IceBreaker\Debug\link.4808-cvtres.read.1.tlog
C:\Users\khewi_000\Documents\IceBreaker\IceBreaker\Debug\link.4808-cvtres.write.1.tlog
C:\Users\khewi_000\Documents\IceBreaker\IceBreaker\Debug\link.4808-rc.read.1.tlog
C:\Users\khewi_000\Documents\IceBreaker\IceBreaker\Debug\link.4808-rc.write.1.tlog
C:\Users\khewi_000\Documents\IceBreaker\IceBreaker\Debug\link.4808.read.1.tlog
C:\Users\khewi_000\Documents\IceBreaker\IceBreaker\Debug\link.4808.write.1.tlog
C:\Users\khewi_000\Documents\IceBreaker\IceBreaker\Debug\link.4816-cvtres.read.1.tlog
C:\Users\khewi_000\Documents\IceBreaker\IceBreaker\Debug\link.4816-cvtres.write.1.tlog
C:\Users\khewi_000\Documents\IceBreaker\IceBreaker\Debug\link.4816-rc.read.1.tlog
C:\Users\khewi_000\Documents\IceBreaker\IceBreaker\Debug\link.4816-rc.write.1.tlog
C:\Users\khewi_000\Documents\IceBreaker\IceBreaker\Debug\link.4816.read.1.tlog
C:\Users\khewi_000\Documents\IceBreaker\IceBreaker\Debug\link.4816.write.1.tlog
C:\Users\khewi_000\Documents\IceBreaker\IceBreaker\Debug\link.4852-cvtres.read.1.tlog
C:\Users\khewi_000\Documents\IceBreaker\IceBreaker\Debug\link.4852-cvtres.write.1.tlog
C:\Users\khewi_000\Documents\IceBreaker\IceBreaker\Debug\link.4852-rc.read.1.tlog
C:\Users\khewi_000\Documents\IceBreaker\IceBreaker\Debug\link.4852-rc.write.1.tlog
C:\Users\khewi_000\Documents\IceBreaker\IceBreaker\Debug\link.4852.read.1.tlog
C:\Users\khewi_000\Documents\IceBreaker\IceBreaker\Debug\link.4852.write.1.tlog
C:\Users\khewi_000\Documents\IceBreaker\IceBreaker\Debug\link.4872-cvtres.read.1.tlog
C:\Users\khewi_000\Documents\IceBreaker\IceBreaker\Debug\link.4872-cvtres.write.1.tlog
C:\Users\khewi_000\Documents\IceBreaker\IceBreaker\Debug\link.4872-rc.read.1.tlog
C:\Users\khewi_000\Documents\IceBreaker\IceBreaker\Debug\link.4872-rc.write.1.tlog
C:\Users\khewi_000\Documents\IceBreaker\IceBreaker\Debug\link.4872.read.1.tlog
C:\Users\khewi_000\Documents\IceBreaker\IceBreaker\Debug\link.4872.write.1.tlog
C:\Users\khewi_000\Documents\IceBreaker\IceBreaker\Debug\link.5140-cvtres.read.1.tlog
C:\Users\khewi_000\Documents\IceBreaker\IceBreaker\Debug\link.5140-cvtres.write.1.tlog
C:\Users\khewi_000\Documents\IceBreaker\IceBreaker\Debug\link.5140-rc.read.1.tlog
C:\Users\khewi_000\Documents\IceBreaker\IceBreaker\Debug\link.5140-rc.write.1.tlog
C:\Users\khewi_000\Documents\IceBreaker\IceBreaker\Debug\link.5140.read.1.tlog
C:\Users\khewi_000\Documents\IceBreaker\IceBreaker\Debug\link.5140.write.1.tlog
C:\Users\khewi_000\Documents\IceBreaker\IceBreaker\Debug\link.5144-cvtres.read.1.tlog
C:\Users\khewi_000\Documents\IceBreaker\IceBreaker\Debug\link.5144-cvtres.write.1.tlog
C:\Users\khewi_000\Documents\IceBreaker\IceBreaker\Debug\link.5144-rc.read.1.tlog
C:\Users\khewi_000\Documents\IceBreaker\IceBreaker\Debug\link.5144-rc.write.1.tlog
C:\Users\khewi_000\Documents\IceBreaker\IceBreaker\Debug\link.5144.read.1.tlog
C:\Users\khewi_000\Documents\IceBreaker\IceBreaker\Debug\link.5144.write.1.tlog
C:\Users\khewi_000\Documents\IceBreaker\IceBreaker\Debug\link.5180-cvtres.read.1.tlog
C:\Users\khewi_000\Documents\IceBreaker\IceBreaker\Debug\link.5180-cvtres.write.1.tlog
C:\Users\khewi_000\Documents\IceBreaker\IceBreaker\Debug\link.5180-rc.read.1.tlog
C:\Users\khewi_000\Documents\IceBreaker\IceBreaker\Debug\link.5180-rc.write.1.tlog
C:\Users\khewi_000\Documents\IceBreaker\IceBreaker\Debug\link.5180.read.1.tlog
C:\Users\khewi_000\Documents\IceBreaker\IceBreaker\Debug\link.5180.write.1.tlog
C:\Users\khewi_000\Documents\IceBreaker\IceBreaker\Debug\link.5264-cvtres.read.1.tlog
C:\Users\khewi_000\Documents\IceBreaker\IceBreaker\Debug\link.5264-cvtres.write.1.tlog
C:\Users\khewi_000\Documents\IceBreaker\IceBreaker\Debug\link.5264-rc.read.1.tlog
C:\Users\khewi_000\Documents\IceBreaker\IceBreaker\Debug\link.5264-rc.write.1.tlog
C:\Users\khewi_000\Documents\IceBreaker\IceBreaker\Debug\link.5264.read.1.tlog
C:\Users\khewi_000\Documents\IceBreaker\IceBreaker\Debug\link.5264.write.1.tlog
C:\Users\khewi_000\Documents\IceBreaker\IceBreaker\Debug\link.5276-cvtres.read.1.tlog
C:\Users\khewi_000\Documents\IceBreaker\IceBreaker\Debug\link.5276-cvtres.write.1.tlog
C:\Users\khewi_000\Documents\IceBreaker\IceBreaker\Debug\link.5276-rc.read.1.tlog
C:\Users\khewi_000\Documents\IceBreaker\IceBreaker\Debug\link.5276-rc.write.1.tlog
C:\Users\khewi_000\Documents\IceBreaker\IceBreaker\Debug\link.5276.read.1.tlog
C:\Users\khewi_000\Documents\IceBreaker\IceBreaker\Debug\link.5276.write.1.tlog
C:\Users\khewi_000\Documents\IceBreaker\IceBreaker\Debug\link.5352-cvtres.read.1.tlog
C:\Users\khewi_000\Documents\IceBreaker\IceBreaker\Debug\link.5352-cvtres.write.1.tlog
C:\Users\khewi_000\Documents\IceBreaker\IceBreaker\Debug\link.5352-rc.read.1.tlog
C:\Users\khewi_000\Documents\IceBreaker\IceBreaker\Debug\link.5352-rc.write.1.tlog
C:\Users\khewi_000\Documents\IceBreaker\IceBreaker\Debug\link.5352.read.1.tlog
C:\Users\khewi_000\Documents\IceBreaker\IceBreaker\Debug\link.5352.write.1.tlog
C:\Users\khewi_000\Documents\IceBreaker\IceBreaker\Debug\link.536-cvtres.read.1.tlog
C:\Users\khewi_000\Documents\IceBreaker\IceBreaker\Debug\link.536-cvtres.write.1.tlog
C:\Users\khewi_000\Documents\IceBreaker\IceBreaker\Debug\link.536-rc.read.1.tlog
C:\Users\khewi_000\Documents\IceBreaker\IceBreaker\Debug\link.536-rc.write.1.tlog
C:\Users\khewi_000\Documents\IceBreaker\IceBreaker\Debug\link.536.read.1.tlog
C:\Users\khewi_000\Documents\IceBreaker\IceBreaker\Debug\link.536.write.1.tlog
C:\Users\khewi_000\Documents\IceBreaker\IceBreaker\Debug\link.5628-cvtres.read.1.tlog
C:\Users\khewi_000\Documents\IceBreaker\IceBreaker\Debug\link.5628-cvtres.write.1.tlog
C:\Users\khewi_000\Documents\IceBreaker\IceBreaker\Debug\link.5628-rc.read.1.tlog
C:\Users\khewi_000\Documents\IceBreaker\IceBreaker\Debug\link.5628-rc.write.1.tlog
C:\Users\khewi_000\Documents\IceBreaker\IceBreaker\Debug\link.5628.read.1.tlog
C:\Users\khewi_000\Documents\IceBreaker\IceBreaker\Debug\link.5628.write.1.tlog
C:\Users\khewi_000\Documents\IceBreaker\IceBreaker\Debug\link.5700-cvtres.read.1.tlog
C:\Users\khewi_000\Documents\IceBreaker\IceBreaker\Debug\link.5700-cvtres.write.1.tlog
C:\Users\khewi_000\Documents\IceBreaker\IceBreaker\Debug\link.5700-rc.read.1.tlog
C:\Users\khewi_000\Documents\IceBreaker\IceBreaker\Debug\link.5700-rc.write.1.tlog
C:\Users\khewi_000\Documents\IceBreaker\IceBreaker\Debug\link.5700.read.1.tlog
C:\Users\khewi_000\Documents\IceBreaker\IceBreaker\Debug\link.5700.write.1.tlog
C:\Users\khewi_000\Documents\IceBreaker\IceBreaker\Debug\link.5788-cvtres.read.1.tlog
C:\Users\khewi_000\Documents\IceBreaker\IceBreaker\Debug\link.5788-cvtres.write.1.tlog
C:\Users\khewi_000\Documents\IceBreaker\IceBreaker\Debug\link.5788-rc.read.1.tlog
C:\Users\khewi_000\Documents\IceBreaker\IceBreaker\Debug\link.5788-rc.write.1.tlog
C:\Users\khewi_000\Documents\IceBreaker\IceBreaker\Debug\link.5788.read.1.tlog
C:\Users\khewi_000\Documents\IceBreaker\IceBreaker\Debug\link.5788.write.1.tlog
C:\Users\khewi_000\Documents\IceBreaker\IceBreaker\Debug\link.5792-cvtres.read.1.tlog
C:\Users\khewi_000\Documents\IceBreaker\IceBreaker\Debug\link.5792-cvtres.write.1.tlog
C:\Users\khewi_000\Documents\IceBreaker\IceBreaker\Debug\link.5792-rc.read.1.tlog
C:\Users\khewi_000\Documents\IceBreaker\IceBreaker\Debug\link.5792-rc.write.1.tlog
C:\Users\khewi_000\Documents\IceBreaker\IceBreaker\Debug\link.5792.read.1.tlog
C:\Users\khewi_000\Documents\IceBreaker\IceBreaker\Debug\link.5792.write.1.tlog
C:\Users\khewi_000\Documents\IceBreaker\IceBreaker\Debug\link.5812-cvtres.read.1.tlog
C:\Users\khewi_000\Documents\IceBreaker\IceBreaker\Debug\link.5812-cvtres.write.1.tlog
C:\Users\khewi_000\Documents\IceBreaker\IceBreaker\Debug\link.5812-rc.read.1.tlog
C:\Users\khewi_000\Documents\IceBreaker\IceBreaker\Debug\link.5812-rc.write.1.tlog
C:\Users\khewi_000\Documents\IceBreaker\IceBreaker\Debug\link.5812.read.1.tlog
C:\Users\khewi_000\Documents\IceBreaker\IceBreaker\Debug\link.5812.write.1.tlog
C:\Users\khewi_000\Documents\IceBreaker\IceBreaker\Debug\link.5816-cvtres.read.1.tlog
C:\Users\khewi_000\Documents\IceBreaker\IceBreaker\Debug\link.5816-cvtres.write.1.tlog
C:\Users\khewi_000\Documents\IceBreaker\IceBreaker\Debug\link.5816-rc.read.1.tlog
C:\Users\khewi_000\Documents\IceBreaker\IceBreaker\Debug\link.5816-rc.write.1.tlog
C:\Users\khewi_000\Documents\IceBreaker\IceBreaker\Debug\link.5816.read.1.tlog
C:\Users\khewi_000\Documents\IceBreaker\IceBreaker\Debug\link.5816.write.1.tlog
C:\Users\khewi_000\Documents\IceBreaker\IceBreaker\Debug\link.5912-cvtres.read.1.tlog
C:\Users\khewi_000\Documents\IceBreaker\IceBreaker\Debug\link.5912-cvtres.write.1.tlog
C:\Users\khewi_000\Documents\IceBreaker\IceBreaker\Debug\link.5912-rc.read.1.tlog
C:\Users\khewi_000\Documents\IceBreaker\IceBreaker\Debug\link.5912-rc.write.1.tlog
C:\Users\khewi_000\Documents\IceBreaker\IceBreaker\Debug\link.5912.read.1.tlog
C:\Users\khewi_000\Documents\IceBreaker\IceBreaker\Debug\link.5912.write.1.tlog
C:\Users\khewi_000\Documents\IceBreaker\IceBreaker\Debug\link.6016-cvtres.read.1.tlog
C:\Users\khewi_000\Documents\IceBreaker\IceBreaker\Debug\link.6016-cvtres.write.1.tlog
C:\Users\khewi_000\Documents\IceBreaker\IceBreaker\Debug\link.6016-rc.read.1.tlog
C:\Users\khewi_000\Documents\IceBreaker\IceBreaker\Debug\link.6016-rc.write.1.tlog
C:\Users\khewi_000\Documents\IceBreaker\IceBreaker\Debug\link.6016.read.1.tlog
C:\Users\khewi_000\Documents\IceBreaker\IceBreaker\Debug\link.6016.write.1.tlog
C:\Users\khewi_000\Documents\IceBreaker\IceBreaker\Debug\link.6084-cvtres.read.1.tlog
C:\Users\khewi_000\Documents\IceBreaker\IceBreaker\Debug\link.6084-cvtres.write.1.tlog
C:\Users\khewi_000\Documents\IceBreaker\IceBreaker\Debug\link.6084-rc.read.1.tlog
C:\Users\khewi_000\Documents\IceBreaker\IceBreaker\Debug\link.6084-rc.write.1.tlog
C:\Users\khewi_000\Documents\IceBreaker\IceBreaker\Debug\link.6084.read.1.tlog
C:\Users\khewi_000\Documents\IceBreaker\IceBreaker\Debug\link.6084.write.1.tlog
C:\Users\khewi_000\Documents\IceBreaker\IceBreaker\Debug\link.6116-cvtres.read.1.tlog
C:\Users\khewi_000\Documents\IceBreaker\IceBreaker\Debug\link.6116-cvtres.write.1.tlog
C:\Users\khewi_000\Documents\IceBreaker\IceBreaker\Debug\link.6116-rc.read.1.tlog
C:\Users\khewi_000\Documents\IceBreaker\IceBreaker\Debug\link.6116-rc.write.1.tlog
C:\Users\khewi_000\Documents\IceBreaker\IceBreaker\Debug\link.6116.read.1.tlog
C:\Users\khewi_000\Documents\IceBreaker\IceBreaker\Debug\link.6116.write.1.tlog
C:\Users\khewi_000\Documents\IceBreaker\IceBreaker\Debug\link.6128-cvtres.read.1.tlog
C:\Users\khewi_000\Documents\IceBreaker\IceBreaker\Debug\link.6128-cvtres.write.1.tlog
C:\Users\khewi_000\Documents\IceBreaker\IceBreaker\Debug\link.6128-rc.read.1.tlog
C:\Users\khewi_000\Documents\IceBreaker\IceBreaker\Debug\link.6128-rc.write.1.tlog
C:\Users\khewi_000\Documents\IceBreaker\IceBreaker\Debug\link.6128.read.1.tlog
C:\Users\khewi_000\Documents\IceBreaker\IceBreaker\Debug\link.6128.write.1.tlog
C:\Users\khewi_000\Documents\IceBreaker\IceBreaker\Debug\link.6136-cvtres.read.1.tlog
C:\Users\khewi_000\Documents\IceBreaker\IceBreaker\Debug\link.6136-cvtres.write.1.tlog
C:\Users\khewi_000\Documents\IceBreaker\IceBreaker\Debug\link.6136-rc.read.1.tlog
C:\Users\khewi_000\Documents\IceBreaker\IceBreaker\Debug\link.6136-rc.write.1.tlog
C:\Users\khewi_000\Documents\IceBreaker\IceBreaker\Debug\link.6136.read.1.tlog
C:\Users\khewi_000\Documents\IceBreaker\IceBreaker\Debug\link.6136.write.1.tlog
C:\Users\khewi_000\Documents\IceBreaker\IceBreaker\Debug\link.6140-cvtres.read.1.tlog
C:\Users\khewi_000\Documents\IceBreaker\IceBreaker\Debug\link.6140-cvtres.write.1.tlog
C:\Users\khewi_000\Documents\IceBreaker\IceBreaker\Debug\link.6140-rc.read.1.tlog
C:\Users\khewi_000\Documents\IceBreaker\IceBreaker\Debug\link.6140-rc.write.1.tlog
C:\Users\khewi_000\Documents\IceBreaker\IceBreaker\Debug\link.6140.read.1.tlog
C:\Users\khewi_000\Documents\IceBreaker\IceBreaker\Debug\link.6140.write.1.tlog
C:\Users\khewi_000\Documents\IceBreaker\IceBreaker\Debug\link.6184-cvtres.read.1.tlog
C:\Users\khewi_000\Documents\IceBreaker\IceBreaker\Debug\link.6184-cvtres.write.1.tlog
C:\Users\khewi_000\Documents\IceBreaker\IceBreaker\Debug\link.6184-rc.read.1.tlog
C:\Users\khewi_000\Documents\IceBreaker\IceBreaker\Debug\link.6184-rc.write.1.tlog
C:\Users\khewi_000\Documents\IceBreaker\IceBreaker\Debug\link.6184.read.1.tlog
C:\Users\khewi_000\Documents\IceBreaker\IceBreaker\Debug\link.6184.write.1.tlog
C:\Users\khewi_000\Documents\IceBreaker\IceBreaker\Debug\link.6276-cvtres.read.1.tlog
C:\Users\khewi_000\Documents\IceBreaker\IceBreaker\Debug\link.6276-cvtres.write.1.tlog
C:\Users\khewi_000\Documents\IceBreaker\IceBreaker\Debug\link.6276-rc.read.1.tlog
C:\Users\khewi_000\Documents\IceBreaker\IceBreaker\Debug\link.6276-rc.write.1.tlog
C:\Users\khewi_000\Documents\IceBreaker\IceBreaker\Debug\link.6276.read.1.tlog
C:\Users\khewi_000\Documents\IceBreaker\IceBreaker\Debug\link.6276.write.1.tlog
C:\Users\khewi_000\Documents\IceBreaker\IceBreaker\Debug\link.6284-cvtres.read.1.tlog
C:\Users\khewi_000\Documents\IceBreaker\IceBreaker\Debug\link.6284-cvtres.write.1.tlog
C:\Users\khewi_000\Documents\IceBreaker\IceBreaker\Debug\link.6284-rc.read.1.tlog
C:\Users\khewi_000\Documents\IceBreaker\IceBreaker\Debug\link.6284-rc.write.1.tlog
C:\Users\khewi_000\Documents\IceBreaker\IceBreaker\Debug\link.6284.read.1.tlog
C:\Users\khewi_000\Documents\IceBreaker\IceBreaker\Debug\link.6284.write.1.tlog
C:\Users\khewi_000\Documents\IceBreaker\IceBreaker\Debug\link.6316-cvtres.read.1.tlog
C:\Users\khewi_000\Documents\IceBreaker\IceBreaker\Debug\link.6316-cvtres.write.1.tlog
C:\Users\khewi_000\Documents\IceBreaker\IceBreaker\Debug\link.6316-rc.read.1.tlog
C:\Users\khewi_000\Documents\IceBreaker\IceBreaker\Debug\link.6316-rc.write.1.tlog
C:\Users\khewi_000\Documents\IceBreaker\IceBreaker\Debug\link.6316.read.1.tlog
C:\Users\khewi_000\Documents\IceBreaker\IceBreaker\Debug\link.6316.write.1.tlog
C:\Users\khewi_000\Documents\IceBreaker\IceBreaker\Debug\link.6348-cvtres.read.1.tlog
C:\Users\khewi_000\Documents\IceBreaker\IceBreaker\Debug\link.6348-cvtres.write.1.tlog
C:\Users\khewi_000\Documents\IceBreaker\IceBreaker\Debug\link.6348-rc.read.1.tlog
C:\Users\khewi_000\Documents\IceBreaker\IceBreaker\Debug\link.6348-rc.write.1.tlog
C:\Users\khewi_000\Documents\IceBreaker\IceBreaker\Debug\link.6348.read.1.tlog
C:\Users\khewi_000\Documents\IceBreaker\IceBreaker\Debug\link.6348.write.1.tlog
C:\Users\khewi_000\Documents\IceBreaker\IceBreaker\Debug\link.6416-cvtres.read.1.tlog
C:\Users\khewi_000\Documents\IceBreaker\IceBreaker\Debug\link.6416-cvtres.write.1.tlog
C:\Users\khewi_000\Documents\IceBreaker\IceBreaker\Debug\link.6416-rc.read.1.tlog
C:\Users\khewi_000\Documents\IceBreaker\IceBreaker\Debug\link.6416-rc.write.1.tlog
C:\Users\khewi_000\Documents\IceBreaker\IceBreaker\Debug\link.6416.read.1.tlog
C:\Users\khewi_000\Documents\IceBreaker\IceBreaker\Debug\link.6416.write.1.tlog
C:\Users\khewi_000\Documents\IceBreaker\IceBreaker\Debug\link.6456-cvtres.read.1.tlog
C:\Users\khewi_000\Documents\IceBreaker\IceBreaker\Debug\link.6456-cvtres.write.1.tlog
C:\Users\khewi_000\Documents\IceBreaker\IceBreaker\Debug\link.6456-rc.read.1.tlog
C:\Users\khewi_000\Documents\IceBreaker\IceBreaker\Debug\link.6456-rc.write.1.tlog
C:\Users\khewi_000\Documents\IceBreaker\IceBreaker\Debug\link.6456.read.1.tlog
C:\Users\khewi_000\Documents\IceBreaker\IceBreaker\Debug\link.6456.write.1.tlog
C:\Users\khewi_000\Documents\IceBreaker\IceBreaker\Debug\link.6460-cvtres.read.1.tlog
C:\Users\khewi_000\Documents\IceBreaker\IceBreaker\Debug\link.6460-cvtres.write.1.tlog
C:\Users\khewi_000\Documents\IceBreaker\IceBreaker\Debug\link.6460-rc.read.1.tlog
C:\Users\khewi_000\Documents\IceBreaker\IceBreaker\Debug\link.6460-rc.write.1.tlog
C:\Users\khewi_000\Documents\IceBreaker\IceBreaker\Debug\link.6460.read.1.tlog
C:\Users\khewi_000\Documents\IceBreaker\IceBreaker\Debug\link.6460.write.1.tlog
C:\Users\khewi_000\Documents\IceBreaker\IceBreaker\Debug\link.6472-cvtres.read.1.tlog
C:\Users\khewi_000\Documents\IceBreaker\IceBreaker\Debug\link.6472-cvtres.write.1.tlog
C:\Users\khewi_000\Documents\IceBreaker\IceBreaker\Debug\link.6472-rc.read.1.tlog
C:\Users\khewi_000\Documents\IceBreaker\IceBreaker\Debug\link.6472-rc.write.1.tlog
C:\Users\khewi_000\Documents\IceBreaker\IceBreaker\Debug\link.6472.read.1.tlog
C:\Users\khewi_000\Documents\IceBreaker\IceBreaker\Debug\link.6472.write.1.tlog
C:\Users\khewi_000\Documents\IceBreaker\IceBreaker\Debug\link.6552-cvtres.read.1.tlog
C:\Users\khewi_000\Documents\IceBreaker\IceBreaker\Debug\link.6552-cvtres.write.1.tlog
C:\Users\khewi_000\Documents\IceBreaker\IceBreaker\Debug\link.6552-rc.read.1.tlog
C:\Users\khewi_000\Documents\IceBreaker\IceBreaker\Debug\link.6552-rc.write.1.tlog
C:\Users\khewi_000\Documents\IceBreaker\IceBreaker\Debug\link.6552.read.1.tlog
C:\Users\khewi_000\Documents\IceBreaker\IceBreaker\Debug\link.6552.write.1.tlog
C:\Users\khewi_000\Documents\IceBreaker\IceBreaker\Debug\link.672-cvtres.read.1.tlog
C:\Users\khewi_000\Documents\IceBreaker\IceBreaker\Debug\link.672-cvtres.write.1.tlog
C:\Users\khewi_000\Documents\IceBreaker\IceBreaker\Debug\link.672-rc.read.1.tlog
C:\Users\khewi_000\Documents\IceBreaker\IceBreaker\Debug\link.672-rc.write.1.tlog
C:\Users\khewi_000\Documents\IceBreaker\IceBreaker\Debug\link.672.read.1.tlog
C:\Users\khewi_000\Documents\IceBreaker\IceBreaker\Debug\link.672.write.1.tlog
C:\Users\khewi_000\Documents\IceBreaker\IceBreaker\Debug\link.6728-cvtres.read.1.tlog
C:\Users\khewi_000\Documents\IceBreaker\IceBreaker\Debug\link.6728-cvtres.write.1.tlog
C:\Users\khewi_000\Documents\IceBreaker\IceBreaker\Debug\link.6728-rc.read.1.tlog
C:\Users\khewi_000\Documents\IceBreaker\IceBreaker\Debug\link.6728-rc.write.1.tlog
C:\Users\khewi_000\Documents\IceBreaker\IceBreaker\Debug\link.6728.read.1.tlog
C:\Users\khewi_000\Documents\IceBreaker\IceBreaker\Debug\link.6728.write.1.tlog
C:\Users\khewi_000\Documents\IceBreaker\IceBreaker\Debug\link.6752-cvtres.read.1.tlog
C:\Users\khewi_000\Documents\IceBreaker\IceBreaker\Debug\link.6752-cvtres.write.1.tlog
C:\Users\khewi_000\Documents\IceBreaker\IceBreaker\Debug\link.6752-rc.read.1.tlog
C:\Users\khewi_000\Documents\IceBreaker\IceBreaker\Debug\link.6752-rc.write.1.tlog
C:\Users\khewi_000\Documents\IceBreaker\IceBreaker\Debug\link.6752.read.1.tlog
C:\Users\khewi_000\Documents\IceBreaker\IceBreaker\Debug\link.6752.write.1.tlog
C:\Users\khewi_000\Documents\IceBreaker\IceBreaker\Debug\link.6808-cvtres.read.1.tlog
C:\Users\khewi_000\Documents\IceBreaker\IceBreaker\Debug\link.6808-cvtres.write.1.tlog
C:\Users\khewi_000\Documents\IceBreaker\IceBreaker\Debug\link.6808-rc.read.1.tlog
C:\Users\khewi_000\Documents\IceBreaker\IceBreaker\Debug\link.6808-rc.write.1.tlog
C:\Users\khewi_000\Documents\IceBreaker\IceBreaker\Debug\link.6808.read.1.tlog
C:\Users\khewi_000\Documents\IceBreaker\IceBreaker\Debug\link.6808.write.1.tlog
C:\Users\khewi_000\Documents\IceBreaker\IceBreaker\Debug\link.6828-cvtres.read.1.tlog
C:\Users\khewi_000\Documents\IceBreaker\IceBreaker\Debug\link.6828-cvtres.write.1.tlog
C:\Users\khewi_000\Documents\IceBreaker\IceBreaker\Debug\link.6828-rc.read.1.tlog
C:\Users\khewi_000\Documents\IceBreaker\IceBreaker\Debug\link.6828-rc.write.1.tlog
C:\Users\khewi_000\Documents\IceBreaker\IceBreaker\Debug\link.6828.read.1.tlog
C:\Users\khewi_000\Documents\IceBreaker\IceBreaker\Debug\link.6828.write.1.tlog
C:\Users\khewi_000\Documents\IceBreaker\IceBreaker\Debug\link.6864-cvtres.read.1.tlog
C:\Users\khewi_000\Documents\IceBreaker\IceBreaker\Debug\link.6864-cvtres.write.1.tlog
C:\Users\khewi_000\Documents\IceBreaker\IceBreaker\Debug\link.6864-rc.read.1.tlog
C:\Users\khewi_000\Documents\IceBreaker\IceBreaker\Debug\link.6864-rc.write.1.tlog
C:\Users\khewi_000\Documents\IceBreaker\IceBreaker\Debug\link.6864.read.1.tlog
C:\Users\khewi_000\Documents\IceBreaker\IceBreaker\Debug\link.6864.write.1.tlog
C:\Users\khewi_000\Documents\IceBreaker\IceBreaker\Debug\link.6932-cvtres.read.1.tlog
C:\Users\khewi_000\Documents\IceBreaker\IceBreaker\Debug\link.6932-cvtres.write.1.tlog
C:\Users\khewi_000\Documents\IceBreaker\IceBreaker\Debug\link.6932-rc.read.1.tlog
C:\Users\khewi_000\Documents\IceBreaker\IceBreaker\Debug\link.6932-rc.write.1.tlog
C:\Users\khewi_000\Documents\IceBreaker\IceBreaker\Debug\link.6932.read.1.tlog
C:\Users\khewi_000\Documents\IceBreaker\IceBreaker\Debug\link.6932.write.1.tlog
C:\Users\khewi_000\Documents\IceBreaker\IceBreaker\Debug\link.6976-cvtres.read.1.tlog
C:\Users\khewi_000\Documents\IceBreaker\IceBreaker\Debug\link.6976-cvtres.write.1.tlog
C:\Users\khewi_000\Documents\IceBreaker\IceBreaker\Debug\link.6976-rc.read.1.tlog
C:\Users\khewi_000\Documents\IceBreaker\IceBreaker\Debug\link.6976-rc.write.1.tlog
C:\Users\khewi_000\Documents\IceBreaker\IceBreaker\Debug\link.6976.read.1.tlog
C:\Users\khewi_000\Documents\IceBreaker\IceBreaker\Debug\link.6976.write.1.tlog
C:\Users\khewi_000\Documents\IceBreaker\IceBreaker\Debug\link.7052-cvtres.read.1.tlog
C:\Users\khewi_000\Documents\IceBreaker\IceBreaker\Debug\link.7052-cvtres.write.1.tlog
C:\Users\khewi_000\Documents\IceBreaker\IceBreaker\Debug\link.7052-rc.read.1.tlog
C:\Users\khewi_000\Documents\IceBreaker\IceBreaker\Debug\link.7052-rc.write.1.tlog
C:\Users\khewi_000\Documents\IceBreaker\IceBreaker\Debug\link.7052.read.1.tlog
C:\Users\khewi_000\Documents\IceBreaker\IceBreaker\Debug\link.7052.write.1.tlog
C:\Users\khewi_000\Documents\IceBreaker\IceBreaker\Debug\link.7088-cvtres.read.1.tlog
C:\Users\khewi_000\Documents\IceBreaker\IceBreaker\Debug\link.7088-cvtres.write.1.tlog
C:\Users\khewi_000\Documents\IceBreaker\IceBreaker\Debug\link.7088-rc.read.1.tlog
C:\Users\khewi_000\Documents\IceBreaker\IceBreaker\Debug\link.7088-rc.write.1.tlog
C:\Users\khewi_000\Documents\IceBreaker\IceBreaker\Debug\link.7088.read.1.tlog
C:\Users\khewi_000\Documents\IceBreaker\IceBreaker\Debug\link.7088.write.1.tlog
C:\Users\khewi_000\Documents\IceBreaker\IceBreaker\Debug\link.7368-cvtres.read.1.tlog
C:\Users\khewi_000\Documents\IceBreaker\IceBreaker\Debug\link.7368-cvtres.write.1.tlog
C:\Users\khewi_000\Documents\IceBreaker\IceBreaker\Debug\link.7368-rc.read.1.tlog
C:\Users\khewi_000\Documents\IceBreaker\IceBreaker\Debug\link.7368-rc.write.1.tlog
C:\Users\khewi_000\Documents\IceBreaker\IceBreaker\Debug\link.7368.read.1.tlog
C:\Users\khewi_000\Documents\IceBreaker\IceBreaker\Debug\link.7368.write.1.tlog
C:\Users\khewi_000\Documents\IceBreaker\IceBreaker\Debug\link.7800-cvtres.read.1.tlog
C:\Users\khewi_000\Documents\IceBreaker\IceBreaker\Debug\link.7800-cvtres.write.1.tlog
C:\Users\khewi_000\Documents\IceBreaker\IceBreaker\Debug\link.7800-rc.read.1.tlog
C:\Users\khewi_000\Documents\IceBreaker\IceBreaker\Debug\link.7800-rc.write.1.tlog
C:\Users\khewi_000\Documents\IceBreaker\IceBreaker\Debug\link.7800.read.1.tlog
C:\Users\khewi_000\Documents\IceBreaker\IceBreaker\Debug\link.7800.write.1.tlog
C:\Users\khewi_000\Documents\IceBreaker\IceBreaker\Debug\link.7908-cvtres.read.1.tlog
C:\Users\khewi_000\Documents\IceBreaker\IceBreaker\Debug\link.7908-cvtres.write.1.tlog
C:\Users\khewi_000\Documents\IceBreaker\IceBreaker\Debug\link.7908-rc.read.1.tlog
C:\Users\khewi_000\Documents\IceBreaker\IceBreaker\Debug\link.7908-rc.write.1.tlog
C:\Users\khewi_000\Documents\IceBreaker\IceBreaker\Debug\link.7908.read.1.tlog
C:\Users\khewi_000\Documents\IceBreaker\IceBreaker\Debug\link.7908.write.1.tlog
C:\Users\khewi_000\Documents\IceBreaker\IceBreaker\Debug\link.7940-cvtres.read.1.tlog
C:\Users\khewi_000\Documents\IceBreaker\IceBreaker\Debug\link.7940-cvtres.write.1.tlog
C:\Users\khewi_000\Documents\IceBreaker\IceBreaker\Debug\link.7940-rc.read.1.tlog
C:\Users\khewi_000\Documents\IceBreaker\IceBreaker\Debug\link.7940-rc.write.1.tlog
C:\Users\khewi_000\Documents\IceBreaker\IceBreaker\Debug\link.7940.read.1.tlog
C:\Users\khewi_000\Documents\IceBreaker\IceBreaker\Debug\link.7940.write.1.tlog
C:\Users\khewi_000\Documents\IceBreaker\IceBreaker\Debug\link.8644-cvtres.read.1.tlog
C:\Users\khewi_000\Documents\IceBreaker\IceBreaker\Debug\link.8644-cvtres.write.1.tlog
C:\Users\khewi_000\Documents\IceBreaker\IceBreaker\Debug\link.8644-rc.read.1.tlog
C:\Users\khewi_000\Documents\IceBreaker\IceBreaker\Debug\link.8644-rc.write.1.tlog
C:\Users\khewi_000\Documents\IceBreaker\IceBreaker\Debug\link.8644.read.1.tlog
C:\Users\khewi_000\Documents\IceBreaker\IceBreaker\Debug\link.8644.write.1.tlog
C:\Users\khewi_000\Documents\IceBreaker\IceBreaker\Debug\link.868-cvtres.read.1.tlog
C:\Users\khewi_000\Documents\IceBreaker\IceBreaker\Debug\link.868-cvtres.write.1.tlog
C:\Users\khewi_000\Documents\IceBreaker\IceBreaker\Debug\link.868-rc.read.1.tlog
C:\Users\khewi_000\Documents\IceBreaker\IceBreaker\Debug\link.868-rc.write.1.tlog
C:\Users\khewi_000\Documents\IceBreaker\IceBreaker\Debug\link.868.read.1.tlog
C:\Users\khewi_000\Documents\IceBreaker\IceBreaker\Debug\link.868.write.1.tlog
C:\Users\khewi_000\Documents\IceBreaker\IceBreaker\Debug\link.8696-cvtres.read.1.tlog
C:\Users\khewi_000\Documents\IceBreaker\IceBreaker\Debug\link.8696-cvtres.write.1.tlog
C:\Users\khewi_000\Documents\IceBreaker\IceBreaker\Debug\link.8696-rc.read.1.tlog
C:\Users\khewi_000\Documents\IceBreaker\IceBreaker\Debug\link.8696-rc.write.1.tlog
C:\Users\khewi_000\Documents\IceBreaker\IceBreaker\Debug\link.8696.read.1.tlog
C:\Users\khewi_000\Documents\IceBreaker\IceBreaker\Debug\link.8696.write.1.tlog
C:\Users\khewi_000\Documents\IceBreaker\IceBreaker\Debug\link.916-cvtres.read.1.tlog
C:\Users\khewi_000\Documents\IceBreaker\IceBreaker\Debug\link.916-cvtres.write.1.tlog
C:\Users\khewi_000\Documents\IceBreaker\IceBreaker\Debug\link.916-rc.read.1.tlog
C:\Users\khewi_000\Documents\IceBreaker\IceBreaker\Debug\link.916-rc.write.1.tlog
C:\Users\khewi_000\Documents\IceBreaker\IceBreaker\Debug\link.916.read.1.tlog
C:\Users\khewi_000\Documents\IceBreaker\IceBreaker\Debug\link.916.write.1.tlog
C:\Users\khewi_000\Documents\IceBreaker\IceBreaker\Debug\link.9212-cvtres.read.1.tlog
C:\Users\khewi_000\Documents\IceBreaker\IceBreaker\Debug\link.9212-cvtres.write.1.tlog
C:\Users\khewi_000\Documents\IceBreaker\IceBreaker\Debug\link.9212-rc.read.1.tlog
C:\Users\khewi_000\Documents\IceBreaker\IceBreaker\Debug\link.9212-rc.write.1.tlog
C:\Users\khewi_000\Documents\IceBreaker\IceBreaker\Debug\link.9212.read.1.tlog
C:\Users\khewi_000\Documents\IceBreaker\IceBreaker\Debug\link.9212.write.1.tlog
C:\Users\khewi_000\Documents\IceBreaker\IceBreaker\Debug\link.956-cvtres.read.1.tlog
C:\Users\khewi_000\Documents\IceBreaker\IceBreaker\Debug\link.956-cvtres.write.1.tlog
C:\Users\khewi_000\Documents\IceBreaker\IceBreaker\Debug\link.956-rc.read.1.tlog
C:\Users\khewi_000\Documents\IceBreaker\IceBreaker\Debug\link.956-rc.write.1.tlog
C:\Users\khewi_000\Documents\IceBreaker\IceBreaker\Debug\link.956.read.1.tlog
C:\Users\khewi_000\Documents\IceBreaker\IceBreaker\Debug\link.956.write.1.tlog
C:\Users\khewi_000\Documents\IceBreaker\IceBreaker\Debug\link.964-cvtres.read.1.tlog
C:\Users\khewi_000\Documents\IceBreaker\IceBreaker\Debug\link.964-cvtres.write.1.tlog
C:\Users\khewi_000\Documents\IceBreaker\IceBreaker\Debug\link.964-rc.read.1.tlog
C:\Users\khewi_000\Documents\IceBreaker\IceBreaker\Debug\link.964-rc.write.1.tlog
C:\Users\khewi_000\Documents\IceBreaker\IceBreaker\Debug\link.964.read.1.tlog
C:\Users\khewi_000\Documents\IceBreaker\IceBreaker\Debug\link.964.write.1.tlog
C:\Users\khewi_000\Documents\IceBreaker\IceBreaker\Debug\link.9880-cvtres.read.1.tlog
C:\Users\khewi_000\Documents\IceBreaker\IceBreaker\Debug\link.9880-cvtres.write.1.tlog
C:\Users\khewi_000\Documents\IceBreaker\IceBreaker\Debug\link.9880-rc.read.1.tlog
C:\Users\khewi_000\Documents\IceBreaker\IceBreaker\Debug\link.9880-rc.write.1.tlog
C:\Users\khewi_000\Documents\IceBreaker\IceBreaker\Debug\link.9880.read.1.tlog
C:\Users\khewi_000\Documents\IceBreaker\IceBreaker\Debug\link.9880.write.1.tlog
C:\Users\khewi_000\Documents\IceBreaker\IceBreaker\Debug\link.9924-cvtres.read.1.tlog
C:\Users\khewi_000\Documents\IceBreaker\IceBreaker\Debug\link.9924-cvtres.write.1.tlog
C:\Users\khewi_000\Documents\IceBreaker\IceBreaker\Debug\link.9924-rc.read.1.tlog
C:\Users\khewi_000\Documents\IceBreaker\IceBreaker\Debug\link.9924-rc.write.1.tlog
C:\Users\khewi_000\Documents\IceBreaker\IceBreaker\Debug\link.9924.read.1.tlog
C:\Users\khewi_000\Documents\IceBreaker\IceBreaker\Debug\link.9924.write.1.tlog
C:\Users\khewi_000\Documents\IceBreaker\IceBreaker\Debug\link.command.1.tlog
C:\Users\khewi_000\Documents\IceBreaker\IceBreaker\Debug\link.read.1.tlog
C:\Users\khewi_000\Documents\IceBreaker\IceBreaker\Debug\link.write.1.tlog
C:\Users\khewi_000\Documents\IceBreaker\IceBreaker\Debug\vc110.idb
C:\Users\khewi_000\Documents\IceBreaker\IceBreaker\Debug\vc110.pdb
C:\Users\khewi_000\Documents\IceBreaker\Debug\IceBreaker.pdb
C:\Users\khewi_000\Documents\IceBreaker\Debug\IceBreaker.exe
C:\Users\khewi_000\Documents\IceBreaker\Debug\IceBreaker.ilk
